Makefile:17: *** missing separator.  Stop.
 
# GNU Make 4.2.1
# Built for x86_64-pc-linux-gnu
# Copyright (C) 1988-2016 Free Software Foundation, Inc.
# License GPLv3+: GNU GPL version 3 or later <http://gnu.org/licenses/gpl.html>
# This is free software: you are free to change and redistribute it.
# There is NO WARRANTY, to the extent permitted by law.

# Make data base, printed on Sun Feb 13 09:55:49 2022

# Variables

# automatic
<D = $(patsubst %/,%,$(dir $<))
# automatic
?F = $(notdir $?)
# environment
DESKTOP_SESSION = cinnamon2d
# default
.SHELLFLAGS := -c
# environment
XDG_SESSION_CLASS = user
# environment
SNAP_COMMON = /var/snap/code/common
# environment
XDG_SESSION_TYPE = x11
# environment
VSCODE_LOG_NATIVE = false
# environment
GTK3_MODULES = xapp-gtk3-module
# automatic
?D = $(patsubst %/,%,$(dir $?))
# automatic
@D = $(patsubst %/,%,$(dir $@))
# environment
XAUTHORITY = /home/iyiola/.Xauthority
# environment
GDMSESSION = cinnamon2d
# default
MAKE_VERSION := 4.2.1
# makefile
CURDIR := /home/iyiola/go_projects/go-rpc
# makefile
SHELL = /bin/sh
# environment
SNAP_DATA = /var/snap/code/87
# environment
GDM_LANG = en_US
# environment
VSCODE_NLS_CONFIG = {"locale":"en-gb","availableLanguages":{},"_languagePackSupport":true}
# environment
_ = /snap/code/87/usr/share/code/code
# makefile (from 'Makefile', line 1)
PROTO_SRC_DIR := /home/iyiola/go_projects/go-rpc/greet/greetpb
# environment
XDG_CONFIG_DIRS = /etc/xdg/xdg-cinnamon2d:/etc/xdg
# environment
SNAP_INSTANCE_NAME = code
# environment
SNAP_ARCH = amd64
# environment
GTK_OVERLAY_SCROLLING = 1
# makefile (from 'Makefile', line 1)
MAKEFILE_LIST :=  Makefile
# automatic
@F = $(notdir $@)
# environment
GIO_LAUNCHED_DESKTOP_FILE = /var/lib/snapd/desktop/applications/code_code.desktop
# environment
GNUMAKEFLAGS := 
# environment
MANDATORY_PATH = /usr/share/gconf/cinnamon2d.mandatory.path
# environment
XDG_DATA_DIRS = /usr/share/cinnamon2d:/usr/share/gnome:/home/iyiola/.local/share/flatpak/exports/share:/var/lib/flatpak/exports/share:/usr/local/share:/usr/share:/var/lib/snapd/desktop
# environment
VSCODE_AMD_ENTRYPOINT = vs/workbench/services/extensions/node/extensionHostProcess
# environment
DBUS_SESSION_BUS_ADDRESS = unix:path=/run/user/1000/bus
# environment
VSCODE_VERBOSE_LOGGING = true
# environment
INFOPATH = /home/linuxbrew/.linuxbrew/share/info:
# environment
VSCODE_IPC_HOOK_EXTHOST = /run/user/1000/vscode-ipc-a9c55350-10a5-4e8d-b4ba-ec387a963972.sock
# environment
VSCODE_CWD = /home/iyiola
# environment
GOPROXY = https://proxy.golang.org,direct
# environment
XDG_SESSION_PATH = /org/freedesktop/DisplayManager/Session0
# environment
GSETTINGS_SCHEMA_DIR = /snap/code/87/usr/share/glib-2.0/schemas
# default
MAKE_HOST := x86_64-pc-linux-gnu
# environment
PATH = /usr/local/go/bin:/home/linuxbrew/.linuxbrew/opt/clang-format/bin:/home/iyiola/.cargo/bin:/home/linuxbrew/.linuxbrew/bin:/home/linuxbrew/.linuxbrew/sbin:/usr/local/sbin:/usr/local/bin:/usr/sbin:/usr/bin:/sbin:/bin:/usr/games:/usr/local/games:/snap/bin:/usr/local/go
# environment
GPG_AGENT_INFO = /run/user/1000/gnupg/S.gpg-agent:0:1
# environment
SESSION_MANAGER = local/iyiola-Q304UAK:@/tmp/.ICE-unix/1836,unix/iyiola-Q304UAK:/tmp/.ICE-unix/1836
# environment
CINNAMON_SOFTWARE_RENDERING = 1
# environment
XDG_RUNTIME_DIR = /run/user/1000
# environment
GDK_PIXBUF_MODULE_FILE = /home/iyiola/snap/code/common/.cache/gdk-pixbuf-loaders.cache
# environment
SNAP = /snap/code/87
# makefile (from 'Makefile', line 5)
GOPATH := /home/iyiola/go
# environment
SNAP_VERSION = d6ee99e4
# environment
VSCODE_LOG_STACK = false
# environment
DISABLE_WAYLAND = 1
# environment
VSCODE_CRASH_REPORTER_START_OPTIONS = {"companyName":"Microsoft","productName":"VSCode","submitURL":"appcenter://code?aid=fba07a4d-84bd-4fc8-a125-9640fc8ce171&uid=002c634a-9bb3-4d91-acd6-44f6bfa9b793&iid=002c634a-9bb3-4d91-acd6-44f6bfa9b793&sid=002c634a-9bb3-4d91-acd6-44f6bfa9b793","uploadToServer":true}
# environment
GDK_PIXBUF_MODULEDIR = /snap/code/87/usr/lib/x86_64-linux-gnu/gdk-pixbuf-2.0/2.10.0/loaders
# default
.FEATURES := target-specific order-only second-expansion else-if shortest-stem undefine oneshell archives jobserver output-sync check-symlink load
# environment
XDG_GREETER_DATA_DIR = /var/lib/lightdm-data/iyiola
# environment
INSIDE_NEMO_PYTHON = 
# environment
XDG_SESSION_DESKTOP = cinnamon2d
# environment
SSH_AUTH_SOCK = /run/user/1000/keyring/ssh
# environment
GIO_LAUNCHED_DESKTOP_FILE_PID = 26393
# environment
MUFFIN_NO_SHADOWS = 1
# automatic
%F = $(notdir $%)
# environment
DISPLAY = :0
# environment
VSCODE_PIPE_LOGGING = true
# environment
SNAP_INSTANCE_KEY = 
# environment
PWD = /home/iyiola/go_projects/go-rpc
# environment
QT_QPA_PLATFORMTHEME = qt5ct
# default
.LOADED := 
# environment
XDG_SEAT = seat0
# environment
SSH_AGENT_PID = 1953
# environment
ORIGINAL_XDG_CURRENT_DESKTOP = X-Cinnamon
# environment
GTK_MODULES = gail:atk-bridge
# environment
MANPATH = /home/linuxbrew/.linuxbrew/share/man:
# environment
GOMODCACHE = /home/iyiola/go/pkg/mod
# environment
HOME = /home/iyiola
# environment
HOMEBREW_CELLAR = /home/linuxbrew/.linuxbrew/Cellar
# environment
VSCODE_CLI = 1
# environment
VSCODE_CODE_CACHE_PATH = /home/iyiola/.config/Code/CachedData/d6ee99e4c045a6716e5c653d7da8e9ae6f5a8b03
# environment
LOGNAME = iyiola
# environment
APPLICATION_INSIGHTS_NO_DIAGNOSTIC_CHANNEL = true
# environment
SNAP_LIBRARY_PATH = /var/lib/snapd/lib/gl:/var/lib/snapd/lib/gl32:/var/lib/snapd/void
# environment
SNAP_CONTEXT = EwCCViYzYxL-dS6i9S_fHbQOQ5tGmaCNSvUX8k4zd_dOR2tpjiwa
# environment
CINNAMON_SLOWDOWN_FACTOR = 0.0001
# environment
ELECTRON_NO_ATTACH_CONSOLE = 1
# environment
SNAP_USER_COMMON = /home/iyiola/snap/code/common
# environment
VSCODE_HANDLES_UNCAUGHT_ERRORS = true
# environment
GNOME_DESKTOP_SESSION_ID = this-is-deprecated
# automatic
^D = $(patsubst %/,%,$(dir $^))
# environment
XDG_VTNR = 7
# environment
MAKELEVEL := 0
# environment
SNAP_REAL_HOME = /home/iyiola
# default
MAKE = $(MAKE_COMMAND)
# default
MAKECMDGOALS := all
# environment
SNAP_USER_DATA = /home/iyiola/snap/code/87
# environment
SHLVL = 1
# environment
XDG_SESSION_ID = c2
# environment
USER = iyiola
# environment
SNAP_REVISION = 87
# makefile
.DEFAULT_GOAL := proto
# environment
XDG_CURRENT_DESKTOP = X-Cinnamon
# environment
CHROME_DESKTOP = code-url-handler.desktop
# automatic
%D = $(patsubst %/,%,$(dir $%))
# default
MAKE_COMMAND := make
# default
.VARIABLES := 
# automatic
*F = $(notdir $*)
# environment
LANGUAGE = en_NG:en
# environment
XDG_SEAT_PATH = /org/freedesktop/DisplayManager/Seat0
# environment
VSCODE_IPC_HOOK = /run/user/1000/vscode-2823dfee-1.64.1-main.sock
# environment
BAMF_DESKTOP_FILE_HINT = /var/lib/snapd/desktop/applications/code_code.desktop
# makefile (from 'Makefile', line 2)
PROTO_DST_DIR := /home/iyiola/go_projects/go-rpc/greet/greetpb
# makefile
MAKEFLAGS = pqrR
# environment
MFLAGS = -pqrR
# automatic
*D = $(patsubst %/,%,$(dir $*))
# environment
BREAKPAD_DUMP_LOCATION = /home/iyiola/.config/Code/exthost Crash Reports
# environment
HOMEBREW_PREFIX = /home/linuxbrew/.linuxbrew
# automatic
+D = $(patsubst %/,%,$(dir $+))
# environment
GDK_BACKEND = x11
# automatic
+F = $(notdir $+)
# environment
NO_AT_BRIDGE = 1
# environment
CINNAMON_VERSION = 5.0.6
# makefile (from 'Makefile', line 13)
GO_SOURCES_OWN := 
# environment
HOMEBREW_REPOSITORY = /home/linuxbrew/.linuxbrew/Homebrew
# environment
QT_ACCESSIBILITY = 1
# environment
DEFAULTS_PATH = /usr/share/gconf/cinnamon2d.default.path
# makefile (from 'Makefile', line 9)
GOFMT = gofmt -s
# 'override' directive
.SHELLSTATUS := 0
# default
MAKEFILES := 
# environment
SNAP_COOKIE = EwCCViYzYxL-dS6i9S_fHbQOQ5tGmaCNSvUX8k4zd_dOR2tpjiwa
# automatic
<F = $(notdir $<)
# environment
ELECTRON_RUN_AS_NODE = 1
# environment
SNAP_NAME = code
# environment
LC_ALL = C
# environment
CINNAMON_2D = 1
# environment
GJS_DEBUG_TOPICS = JS ERROR;JS LOG
# automatic
^F = $(notdir $^)
# makefile (from 'Makefile', line 8)
GO_SOURCES := $(subst ,, )
# environment
CLUTTER_DEFAULT_FPS = 15
# default
SUFFIXES := 
# environment
SNAP_REEXEC = 
# environment
LIBGL_ALWAYS_SOFTWARE = 1
# default
.INCLUDE_DIRS = /usr/include /usr/local/include /usr/include
# environment
GJS_DEBUG_OUTPUT = stderr
# default
.RECIPEPREFIX := 
# environment
CLUTTER_PAINT = disable-culling
# environment
LANG = C
# makefile (from 'Makefile', line 6)
PULSAR_CERT := cert+data
# environment
VSCODE_PID = 11600
# variable set hash-table stats:
 
# Load=147/1024=14%, Rehash=0, Collisions=19/176=11%

# Pattern-specific Variable Values

# No pattern-specific variable values.

# Directories

# . (device 2054, inode 13243344): 5 files, no impossibilities.

# 5 files, no impossibilities in 1 directories.

# Implicit Rules

# No implicit rules.

# Files

# Not a target:
all:
#  Command line target.
#  Implicit rule search has not been done.
#  Modification time never checked.
#  File has not been updated.

.PHONY: proto
#  Implicit rule search has not been done.
#  Modification time never checked.
#  File has not been updated.

# Not a target:
Makefile:
#  Implicit rule search has not been done.
#  Modification time never checked.
#  File has not been updated.

proto:
#  Implicit rule search has not been done.
#  Modification time never checked.
#  File has not been updated.

# Not a target:
.DEFAULT:
#  Implicit rule search has not been done.
#  Modification time never checked.
#  File has not been updated.

# files hash-table stats:
# Load=6/1024=1%, Rehash=0, Collisions=3/9=33%
# VPATH Search Paths

# No 'vpath' search paths.

# No general ('VPATH' variable) search path.

# strcache buffers: 1 (0) / strings = 12 / storage = 99 B / avg = 8 B
# current buf: size = 8162 B / used = 99 B / count = 12 / avg = 8 B

# strcache performance: lookups = 19 / hit rate = 36%
# hash-table stats:
# Load=12/8192=0%, Rehash=0, Collisions=1/19=5%
# Finished Make data base on Sun Feb 13 09:55:49 2022

 
